<?xml version="1.0" encoding="UTF-8"?>
<testng-results ignored="0" total="2" passed="2" failed="0" skipped="0">
  <reporter-output>
  </reporter-output>
  <suite started-at="2025-03-27T17:20:56 IST" name="Default suite" finished-at="2025-03-27T17:21:15 IST" duration-ms="18924">
    <groups>
    </groups>
    <test started-at="2025-03-27T17:20:56 IST" name="Default test" finished-at="2025-03-27T17:21:15 IST" duration-ms="18924">
      <class name="com.hyr.testautomation.WindowHandles">
        <test-method is-config="true" signature="openUrl()[pri:0, instance:com.hyr.testautomation.WindowHandles@533bda92]" started-at="2025-03-27T17:20:56 IST" name="openUrl" finished-at="2025-03-27T17:21:06 IST" duration-ms="9781" status="PASS">
          <reporter-output>
          </reporter-output>
        </test-method> <!-- openUrl -->
        <test-method signature="practiceselenium()[pri:1, instance:com.hyr.testautomation.WindowHandles@533bda92]" started-at="2025-03-27T17:21:06 IST" name="practiceselenium" finished-at="2025-03-27T17:21:06 IST" duration-ms="348" status="PASS">
          <reporter-output>
          </reporter-output>
        </test-method> <!-- practiceselenium -->
        <test-method signature="NewWindowOpen()[pri:2, instance:com.hyr.testautomation.WindowHandles@533bda92]" started-at="2025-03-27T17:21:06 IST" name="NewWindowOpen" finished-at="2025-03-27T17:21:15 IST" duration-ms="8732" status="PASS">
          <reporter-output>
          </reporter-output>
        </test-method> <!-- NewWindowOpen -->
      </class> <!-- com.hyr.testautomation.WindowHandles -->
    </test> <!-- Default test -->
  </suite> <!-- Default suite -->
</testng-results>
